<?xml version="1.0" encoding="UTF-8"?>
<!-- Generated by org.testng.reporters.JUnitReportReporter -->
<testsuite skipped="0" hostname="BLRCND52002239" name="com.nopCommerce.testCases.TC_SearchCustomerByEmail_004" tests="1" failures="0" timestamp="21 Mar 2021 12:36:17 GMT" time="19.619" errors="0">
  <testcase name="searchCustomerbyEmail" time="19.619" classname="com.nopCommerce.testCases.TC_SearchCustomerByEmail_004"/>
</testsuite> <!-- com.nopCommerce.testCases.TC_SearchCustomerByEmail_004 -->
