<?xml version="1.0" encoding="UTF-8"?>
<!-- Generated by org.testng.reporters.JUnitReportReporter -->
<testsuite skipped="0" hostname="BLRCND52002239" name="com.nopCommerce.testCases.TC_LoginTest_001" tests="1" failures="0" timestamp="29 Mar 2021 16:09:18 GMT" time="21.728" errors="0">
  <testcase name="loginTest" time="21.728" classname="com.nopCommerce.testCases.TC_LoginTest_001"/>
</testsuite> <!-- com.nopCommerce.testCases.TC_LoginTest_001 -->
