<?xml version="1.0" encoding="UTF-8"?>
<!-- Generated by org.testng.reporters.JUnitReportReporter -->
<testsuite skipped="0" hostname="BLRCND52002239" name="com.nopCommerce.testCases.TC_LoginDDT_002" tests="4" failures="0" timestamp="21 Mar 2021 12:18:15 GMT" time="47.932" errors="0">
  <testcase name="loginTest" time="8.253" classname="com.nopCommerce.testCases.TC_LoginDDT_002"/>
  <testcase name="loginTest" time="8.510" classname="com.nopCommerce.testCases.TC_LoginDDT_002"/>
  <testcase name="loginTest" time="7.614" classname="com.nopCommerce.testCases.TC_LoginDDT_002"/>
  <testcase name="loginTest" time="23.555" classname="com.nopCommerce.testCases.TC_LoginDDT_002"/>
</testsuite> <!-- com.nopCommerce.testCases.TC_LoginDDT_002 -->
