<?xml version="1.0" encoding="UTF-8"?>
<!-- Generated by org.testng.reporters.JUnitReportReporter -->
<testsuite skipped="0" hostname="BLRCND52002239" name="com.nopCommerce.testClasses.TC_LoginTest_001" tests="2" failures="0" timestamp="19 Mar 2021 17:05:00 GMT" time="36.518" errors="0">
  <testcase name="loginTest" time="15.830" classname="com.nopCommerce.testClasses.TC_LoginTest_001"/>
  <testcase name="loginTest" time="20.688" classname="com.nopCommerce.testClasses.TC_LoginTest_001"/>
</testsuite> <!-- com.nopCommerce.testClasses.TC_LoginTest_001 -->
